<?xml version="1.0" encoding="UTF-8"?>
<!-- Generated by org.testng.reporters.JUnitXMLReporter -->
<testsuite ignored="1" hostname="DESKTOP-UU5DO0R" failures="0" tests="1" name="Default test" time="2.511" errors="0" timestamp="2025-04-20T21:44:13 EDT">
  <testcase classname="CreateWithPOJOAndLombok.CreateAContactWithLombokTest" name="addContactTestWithLombokBuilder" time="2.477"/>
  <testcase classname="CreateWithPOJOAndLombok.CreateAContactWithLombokTest" name="addContactTestWithLombok" time="0.0">
    <ignored/>
  </testcase> <!-- addContactTestWithLombok -->
</testsuite> <!-- Default test -->
