<?xml version="1.0" encoding="UTF-8"?>
<!-- Generated by org.testng.reporters.JUnitXMLReporter -->
<testsuite ignored="0" hostname="DESKTOP-UU5DO0R" failures="0" tests="3" name="Default test" time="4.739" errors="0" timestamp="2025-04-23T21:08:40 EDT">
  <testcase classname="BookingAPITests.BookingAPITest" name="createBookingTest" time="0.221"/>
  <testcase classname="BookingAPITests.BookingAPITest" name="getBookingTest" time="0.44"/>
  <testcase classname="BookingAPITests.BookingAPITest" name="updateBookingTest" time="0.44"/>
</testsuite> <!-- Default test -->
