<?xml version="1.0" encoding="UTF-8"?>
<testng-results ignored="3" total="4" passed="1" failed="0" skipped="0">
  <reporter-output>
  </reporter-output>
  <suite started-at="2025-04-23T21:21:52 EDT" name="Default suite" finished-at="2025-04-23T21:21:55 EDT" duration-ms="3415">
    <groups>
    </groups>
    <test started-at="2025-04-23T21:21:52 EDT" name="Default test" finished-at="2025-04-23T21:21:55 EDT" duration-ms="3415">
      <class name="BookingAPITests.BookingAPITest">
        <test-method is-config="true" signature="getToken()[pri:0, instance:BookingAPITests.BookingAPITest@12468a38]" started-at="2025-04-23T21:21:52 EDT" name="getToken" finished-at="2025-04-23T21:21:55 EDT" duration-ms="2942" status="PASS">
          <reporter-output>
          </reporter-output>
        </test-method> <!-- getToken -->
        <test-method signature="deleteBookingTest()[pri:0, instance:BookingAPITests.BookingAPITest@12468a38]" started-at="2025-04-23T21:21:55 EDT" name="deleteBookingTest" finished-at="2025-04-23T21:21:55 EDT" duration-ms="432" status="PASS">
          <reporter-output>
          </reporter-output>
        </test-method> <!-- deleteBookingTest -->
      </class> <!-- BookingAPITests.BookingAPITest -->
    </test> <!-- Default test -->
  </suite> <!-- Default suite -->
</testng-results>
